c:\users\ujwon\documents\ngp\ngp\shootingstrike\debug\shootingstrike.pch
c:\users\ujwon\documents\ngp\ngp\shootingstrike\debug\vc140.pdb
c:\users\ujwon\documents\ngp\ngp\shootingstrike\debug\vc140.idb
c:\users\ujwon\documents\ngp\ngp\shootingstrike\debug\stdafx.obj
c:\users\ujwon\documents\ngp\ngp\shootingstrike\debug\bullet.obj
c:\users\ujwon\documents\ngp\ngp\shootingstrike\debug\clientmanager.obj
c:\users\ujwon\documents\ngp\ngp\shootingstrike\debug\enemy.obj
c:\users\ujwon\documents\ngp\ngp\shootingstrike\debug\gameobject.obj
c:\users\ujwon\documents\ngp\ngp\shootingstrike\debug\network.obj
c:\users\ujwon\documents\ngp\ngp\shootingstrike\debug\plane.obj
c:\users\ujwon\documents\ngp\ngp\shootingstrike\debug\shootingstrike.obj
c:\users\ujwon\documents\ngp\ngp\debug\shootingstrike.ilk
c:\users\ujwon\documents\ngp\ngp\debug\shootingstrike.exe
c:\users\ujwon\documents\ngp\ngp\debug\shootingstrike.pdb
c:\users\ujwon\documents\ngp\ngp\shootingstrike\debug\shootingstrike.res
c:\users\sweetmyhome\documents\visual studio 2015\projects\ngp\shootingstrike\debug\bullet.obj
c:\users\sweetmyhome\documents\visual studio 2015\projects\ngp\shootingstrike\debug\clientmanager.obj
c:\users\sweetmyhome\documents\visual studio 2015\projects\ngp\shootingstrike\debug\enemy.obj
c:\users\sweetmyhome\documents\visual studio 2015\projects\ngp\shootingstrike\debug\gameobject.obj
c:\users\sweetmyhome\documents\visual studio 2015\projects\ngp\shootingstrike\debug\network.obj
c:\users\sweetmyhome\documents\visual studio 2015\projects\ngp\shootingstrike\debug\plane.obj
c:\users\sweetmyhome\documents\visual studio 2015\projects\ngp\shootingstrike\debug\shootingstrike.obj
c:\users\sweetmyhome\documents\visual studio 2015\projects\ngp\shootingstrike\debug\stdafx.obj
c:\users\sweetmyhome\documents\visual studio 2015\projects\ngp\shootingstrike\debug\shootingstrike.res
c:\users\sweetmyhome\documents\visual studio 2015\projects\ngp\shootingstrike\debug\shootingstrike.pch
c:\users\sweetmyhome\documents\visual studio 2015\projects\ngp\shootingstrike\debug\vc140.idb
c:\users\sweetmyhome\documents\visual studio 2015\projects\ngp\shootingstrike\debug\vc140.pdb
c:\users\sweetmyhome\documents\visual studio 2015\projects\ngp\debug\shootingstrike.pdb
c:\users\sweetmyhome\documents\visual studio 2015\projects\ngp\debug\shootingstrike.exe
c:\users\sweetmyhome\documents\visual studio 2015\projects\ngp\debug\shootingstrike.ilk
c:\users\sweetmyhome\documents\visual studio 2015\projects\ngp\shootingstrike\debug\shootingstrike.tlog\cl.command.1.tlog
c:\users\sweetmyhome\documents\visual studio 2015\projects\ngp\shootingstrike\debug\shootingstrike.tlog\cl.read.1.tlog
c:\users\sweetmyhome\documents\visual studio 2015\projects\ngp\shootingstrike\debug\shootingstrike.tlog\cl.write.1.tlog
c:\users\sweetmyhome\documents\visual studio 2015\projects\ngp\shootingstrike\debug\shootingstrike.tlog\link.command.1.tlog
c:\users\sweetmyhome\documents\visual studio 2015\projects\ngp\shootingstrike\debug\shootingstrike.tlog\link.read.1.tlog
c:\users\sweetmyhome\documents\visual studio 2015\projects\ngp\shootingstrike\debug\shootingstrike.tlog\link.write.1.tlog
c:\users\sweetmyhome\documents\visual studio 2015\projects\ngp\shootingstrike\debug\shootingstrike.tlog\rc.command.1.tlog
c:\users\sweetmyhome\documents\visual studio 2015\projects\ngp\shootingstrike\debug\shootingstrike.tlog\rc.read.1.tlog
c:\users\sweetmyhome\documents\visual studio 2015\projects\ngp\shootingstrike\debug\shootingstrike.tlog\rc.write.1.tlog
