c:\users\ujwon\documents\ngp\ngp\server\debug\vc140.pdb
c:\users\ujwon\documents\ngp\ngp\server\debug\vc140.idb
c:\users\ujwon\documents\ngp\ngp\server\debug\bullet.obj
c:\users\ujwon\documents\ngp\ngp\server\debug\enemy.obj
c:\users\ujwon\documents\ngp\ngp\server\debug\objects.obj
c:\users\ujwon\documents\ngp\ngp\server\debug\player.obj
c:\users\ujwon\documents\ngp\ngp\server\debug\servermanager.obj
c:\users\ujwon\documents\ngp\ngp\server\debug\main.obj
c:\users\ujwon\documents\ngp\ngp\debug\server.ilk
c:\users\ujwon\documents\ngp\ngp\debug\server.exe
c:\users\ujwon\documents\ngp\ngp\debug\server.pdb
c:\users\sweetmyhome\documents\visual studio 2015\projects\ngp\server\debug\bullet.obj
c:\users\sweetmyhome\documents\visual studio 2015\projects\ngp\server\debug\enemy.obj
c:\users\sweetmyhome\documents\visual studio 2015\projects\ngp\server\debug\main.obj
c:\users\sweetmyhome\documents\visual studio 2015\projects\ngp\server\debug\objects.obj
c:\users\sweetmyhome\documents\visual studio 2015\projects\ngp\server\debug\player.obj
c:\users\sweetmyhome\documents\visual studio 2015\projects\ngp\server\debug\servermanager.obj
c:\users\sweetmyhome\documents\visual studio 2015\projects\ngp\server\debug\vc140.idb
c:\users\sweetmyhome\documents\visual studio 2015\projects\ngp\server\debug\vc140.pdb
c:\users\sweetmyhome\documents\visual studio 2015\projects\ngp\debug\server.pdb
c:\users\sweetmyhome\documents\visual studio 2015\projects\ngp\debug\server.exe
c:\users\sweetmyhome\documents\visual studio 2015\projects\ngp\debug\server.ilk
c:\users\sweetmyhome\documents\visual studio 2015\projects\ngp\server\debug\server.tlog\cl.command.1.tlog
c:\users\sweetmyhome\documents\visual studio 2015\projects\ngp\server\debug\server.tlog\cl.read.1.tlog
c:\users\sweetmyhome\documents\visual studio 2015\projects\ngp\server\debug\server.tlog\cl.write.1.tlog
c:\users\sweetmyhome\documents\visual studio 2015\projects\ngp\server\debug\server.tlog\link.command.1.tlog
c:\users\sweetmyhome\documents\visual studio 2015\projects\ngp\server\debug\server.tlog\link.read.1.tlog
c:\users\sweetmyhome\documents\visual studio 2015\projects\ngp\server\debug\server.tlog\link.write.1.tlog
